Initialising login role...
DRY RUN: migrations will *not* be pushed to the database.
Connecting to remote database...
Skipping migration 20260707b_operator_preview_log.sql... (file name must match pattern "<timestamp>_name.sql")
Skipping migration OPERATOR_APPLY_supabase_admin_default_acl.sql... (file name must match pattern "<timestamp>_name.sql")
github.com/supabase/cli/pkg@v1.0.0/migration/apply.go:46 (0x7ff688059f05)
github.com/supabase/cli/internal/migration/up/up.go:42 (0x7ff688294737)
github.com/supabase/cli/internal/db/push/push.go:33 (0x7ff688294e05)
github.com/supabase/cli/cmd/db.go:167 (0x7ff689caa225)
github.com/spf13/cobra@v1.10.2/command.go:1015 (0x7ff6875ffc82)
github.com/spf13/cobra@v1.10.2/command.go:1148 (0x7ff6876005c5)
github.com/supabase/cli/cmd/root.go:173 (0x7ff689cbd446)
github.com/supabase/cli/main.go:11 (0x7ff689cc25ef)
internal/runtime/atomic/types.go:194 (0x7ff68741897d)
runtime/asm_amd64.s:1693 (0x7ff687452901)

Remote migration versions not found in local migrations directory.

Make sure your local git repo is up-to-date. If the error persists, try repairing the migration history table:
supabase migration repair --status reverted 20260412235959 20260518193933 20260518205041 20260520000001 20260520000002 20260520000003 20260520000004 20260520000005 20260520000006 20260520000007 20260520000008 20260520000009 20260521000001 20260521000002 20260525172702 20260526000001 20260526000002 20260526000003 20260602001337 20260603011534 20260605 20260605173558 20260609000001 20260609000002 20260609000003 20260609000004 20260611000000 20260616000001 20260616000002 20260617000002 20260617000003 20260623000001 20260623000002 20260623000003 20260623000007 20260623000008 20260623000009 20260624000001 20260624000002 20260624000005 20260624000006 20260624000007 20260624000008 20260624000009 20260625000001 20260625000002 20260625000003 20260625000005 20260625000006 20260625000008 20260626000000 20260626000002 20260626000003 20260626000004 20260626100000 20260626100100 20260626100200 20260628234330 20260628235155 20260629014003 20260702000001 20260702000002 20260703 20260703191317 20260703204338 20260705000001 20260705000002 20260705000003 20260705000004 20260705000005 20260705000006 20260706000001 20260706000002 20260706000003 20260706000004 20260706000005 20260706200052 20260707000001 20260707000002 20260709201137 20260712183638 20260713185849 20260713234759 20260713235455 20260714001604 20260714011950 20260716022452 20260717224806 20260717231158

And update local migrations to match remote database:
supabase db pull

EXIT_CODE:1
